<?xml version="1.0" encoding="UTF-8"?>
<!-- Generated by org.testng.reporters.JUnitReportReporter -->
<testsuite skipped="0" hostname="LAPTOP-EL4UOI4O" name="rDb.Newtest" tests="2" failures="0" timestamp="2020-02-01T11:57:16 IST" time="45.706" errors="0">
  <testcase name="f" time="27.570" classname="rDb.Newtest"/>
  <testcase name="f2" time="18.136" classname="rDb.Newtest"/>
</testsuite> <!-- rDb.Newtest -->
