<?xml version="1.0" encoding="UTF-8"?>
<!-- Generated by org.testng.reporters.JUnitReportReporter -->
<testsuite skipped="0" hostname="LAPTOP-EL4UOI4O" name="pckg.cls" tests="1" failures="0" timestamp="2020-02-01T11:52:09 IST" time="9.707" errors="0">
  <testcase name="f" time="9.707" classname="pckg.cls"/>
</testsuite> <!-- pckg.cls -->
